{"uuid":"79461e18-dbbc-49fa-9389-ec371963c5b6","historyId":"d3cd5d2cb9c0654580b4938d2ca72912","testCaseId":"ecdcc0779a5e7cdf53ea482600c77779","fullName":"src/test/java/com/demo/resources/Feature/Demo.feature:24","labels":[{"name":"tag","value":"CreateProfile"},{"name":"host","value":"Rockerfeller"},{"name":"thread","value":"16724@Rockerfeller.main(1)"},{"name":"feature","value":"User Profile Creation"},{"name":"story","value":"Create user profile with different data combinations"},{"name":"suite","value":"User Profile Creation"},{"name":"testClass","value":"Create user profile with different data combinations"},{"name":"framework","value":"cucumber4jvm"},{"name":"language","value":"java"},{"name":"gherkin_uri","value":"file:///C:/Users/tumel/Documents/demo/src/test/java/com/demo/resources/Feature/Demo.feature"},{"name":"package","value":"src.test.java.com.demo.resources.Feature.Demo_feature.User Profile Creation"}],"links":[],"name":"Create user profile with different data combinations","status":"broken","statusDetails":{"known":false,"muted":false,"flaky":false,"message":"Unable to obtain: chromedriver, error chromedriver must exist: path\\to\\chromedriver\nFor documentation on this error, please visit: https://www.selenium.dev/documentation/webdriver/troubleshooting/errors/driver_location/\nBuild info: version: '4.29.0', revision: '5fc1ec94cb'\nSystem info: os.name: 'Windows 11', os.arch: 'amd64', os.version: '10.0', java.version: '23.0.2'\nDriver info: driver.version: ChromeDriver","trace":"org.openqa.selenium.remote.NoSuchDriverException: Unable to obtain: chromedriver, error chromedriver must exist: path\\to\\chromedriver\nFor documentation on this error, please visit: https://www.selenium.dev/documentation/webdriver/troubleshooting/errors/driver_location/\nBuild info: version: '4.29.0', revision: '5fc1ec94cb'\nSystem info: os.name: 'Windows 11', os.arch: 'amd64', os.version: '10.0', java.version: '23.0.2'\nDriver info: driver.version: ChromeDriver\r\n\tat org.openqa.selenium.remote.service.DriverFinder.getBinaryPaths(DriverFinder.java:121)\r\n\tat org.openqa.selenium.remote.service.DriverFinder.getDriverPath(DriverFinder.java:55)\r\n\tat org.openqa.selenium.chrome.ChromeDriver.generateExecutor(ChromeDriver.java:99)\r\n\tat org.openqa.selenium.chrome.ChromeDriver.<init>(ChromeDriver.java:88)\r\n\tat org.openqa.selenium.chrome.ChromeDriver.<init>(ChromeDriver.java:83)\r\n\tat org.openqa.selenium.chrome.ChromeDriver.<init>(ChromeDriver.java:51)\r\n\tat com.demo.java.StepDefinition.DemoSteps.user_launches_browser(DemoSteps.java:55)\r\n\tat ✽.User launches \"chrome\" browser(file:///C:/Users/tumel/Documents/demo/src/test/java/com/demo/resources/Feature/Demo.feature:5)\r\nCaused by: java.lang.IllegalStateException: chromedriver must exist: path\\to\\chromedriver\r\n\tat org.openqa.selenium.internal.Require$PathStateChecker.isExecutable(Require.java:475)\r\n\tat org.openqa.selenium.remote.service.DriverFinder.getBinaryPaths(DriverFinder.java:118)\r\n\t... 7 more\r\n"},"stage":"finished","steps":[{"name":"Given User launches \"chrome\" browser","status":"broken","statusDetails":{"known":false,"muted":false,"flaky":false,"message":"Unable to obtain: chromedriver, error chromedriver must exist: path\\to\\chromedriver\nFor documentation on this error, please visit: https://www.selenium.dev/documentation/webdriver/troubleshooting/errors/driver_location/\nBuild info: version: '4.29.0', revision: '5fc1ec94cb'\nSystem info: os.name: 'Windows 11', os.arch: 'amd64', os.version: '10.0', java.version: '23.0.2'\nDriver info: driver.version: ChromeDriver","trace":"org.openqa.selenium.remote.NoSuchDriverException: Unable to obtain: chromedriver, error chromedriver must exist: path\\to\\chromedriver\nFor documentation on this error, please visit: https://www.selenium.dev/documentation/webdriver/troubleshooting/errors/driver_location/\nBuild info: version: '4.29.0', revision: '5fc1ec94cb'\nSystem info: os.name: 'Windows 11', os.arch: 'amd64', os.version: '10.0', java.version: '23.0.2'\nDriver info: driver.version: ChromeDriver\r\n\tat org.openqa.selenium.remote.service.DriverFinder.getBinaryPaths(DriverFinder.java:121)\r\n\tat org.openqa.selenium.remote.service.DriverFinder.getDriverPath(DriverFinder.java:55)\r\n\tat org.openqa.selenium.chrome.ChromeDriver.generateExecutor(ChromeDriver.java:99)\r\n\tat org.openqa.selenium.chrome.ChromeDriver.<init>(ChromeDriver.java:88)\r\n\tat org.openqa.selenium.chrome.ChromeDriver.<init>(ChromeDriver.java:83)\r\n\tat org.openqa.selenium.chrome.ChromeDriver.<init>(ChromeDriver.java:51)\r\n\tat com.demo.java.StepDefinition.DemoSteps.user_launches_browser(DemoSteps.java:55)\r\n\tat ✽.User launches \"chrome\" browser(file:///C:/Users/tumel/Documents/demo/src/test/java/com/demo/resources/Feature/Demo.feature:5)\r\nCaused by: java.lang.IllegalStateException: chromedriver must exist: path\\to\\chromedriver\r\n\tat org.openqa.selenium.internal.Require$PathStateChecker.isExecutable(Require.java:475)\r\n\tat org.openqa.selenium.remote.service.DriverFinder.getBinaryPaths(DriverFinder.java:118)\r\n\t... 7 more\r\n"},"stage":"finished","steps":[],"attachments":[],"parameters":[],"start":1743088835507,"stop":1743088835601},{"name":"When User opens URL \"http://www.way2automation.com/angularjs-protractor/webtables/\"","status":"skipped","statusDetails":{"known":false,"muted":false,"flaky":false},"stage":"finished","steps":[],"attachments":[],"parameters":[],"start":1743088835610,"stop":1743088835614},{"name":"Then The page title should be \"Protractor practice website - WebTables\"","status":"skipped","statusDetails":{"known":false,"muted":false,"flaky":false},"stage":"finished","steps":[],"attachments":[],"parameters":[],"start":1743088835615,"stop":1743088835616},{"name":"And User clicks on the Add user button","status":"skipped","statusDetails":{"known":false,"muted":false,"flaky":false},"stage":"finished","steps":[],"attachments":[],"parameters":[],"start":1743088835616,"stop":1743088835617},{"name":"And User enters profile details:","status":"skipped","statusDetails":{"known":false,"muted":false,"flaky":false},"stage":"finished","steps":[],"attachments":[{"name":"Data table","source":"f50a79f5-ca05-45b7-8a7d-0445cef60972-attachment.csv","type":"text/tab-separated-values"}],"parameters":[],"start":1743088835617,"stop":1743088835641},{"name":"And User selects \"Company AAA\" as company","status":"skipped","statusDetails":{"known":false,"muted":false,"flaky":false},"stage":"finished","steps":[],"attachments":[],"parameters":[],"start":1743088835641,"stop":1743088835641},{"name":"And User selects \"Customer\" as role","status":"skipped","statusDetails":{"known":false,"muted":false,"flaky":false},"stage":"finished","steps":[],"attachments":[],"parameters":[],"start":1743088835641,"stop":1743088835641},{"name":"When User clicks the \"Save\" button","status":"skipped","statusDetails":{"known":false,"muted":false,"flaky":false},"stage":"finished","steps":[],"attachments":[],"parameters":[],"start":1743088835641,"stop":1743088835646},{"name":"And Validate the data is saved","status":"skipped","statusDetails":{"known":false,"muted":false,"flaky":false},"stage":"finished","steps":[],"attachments":[],"parameters":[],"start":1743088835646,"stop":1743088835646},{"name":"And Close browser","status":"skipped","statusDetails":{"known":false,"muted":false,"flaky":false},"stage":"finished","steps":[],"attachments":[],"parameters":[],"start":1743088835646,"stop":1743088835646}],"attachments":[],"parameters":[{"name":"browser","value":"chrome"},{"name":"url","value":"http://www.way2automation.com/angularjs-protractor/webtables/"},{"name":"expected_title","value":"Protractor practice website - WebTables"},{"name":"first_name","value":"John"},{"name":"last_name","value":"Doe"},{"name":"username","value":"johndoe"},{"name":"password","value":"Test123!"},{"name":"company","value":"Company AAA"},{"name":"role","value":"Customer"},{"name":"email","value":"john.doe@test.com"},{"name":"phone","value":"1234567890"}],"start":1743088821270,"stop":1743088836287}