{"uuid":"dc9f9ba5-e769-4d0e-924e-ed555812d739","historyId":"9f99257c779f7fe9cd3b83485742adf","testCaseId":"ecdcc0779a5e7cdf53ea482600c77779","fullName":"src/test/java/com/demo/resources/Feature/Demo.feature:25","labels":[{"name":"tag","value":"CreateProfile"},{"name":"host","value":"Rockerfeller"},{"name":"thread","value":"19588@Rockerfeller.main(1)"},{"name":"feature","value":"User Profile Creation"},{"name":"story","value":"Create user profile with different data combinations"},{"name":"suite","value":"User Profile Creation"},{"name":"testClass","value":"Create user profile with different data combinations"},{"name":"framework","value":"cucumber4jvm"},{"name":"language","value":"java"},{"name":"gherkin_uri","value":"file:///C:/Users/tumel/Documents/demo/src/test/java/com/demo/resources/Feature/Demo.feature"},{"name":"package","value":"src.test.java.com.demo.resources.Feature.Demo_feature.User Profile Creation"}],"links":[],"name":"Create user profile with different data combinations","status":"broken","statusDetails":{"known":false,"muted":false,"flaky":false,"message":"Unable to obtain: chromedriver, error chromedriver must exist: path\\to\\chromedriver\nFor documentation on this error, please visit: https://www.selenium.dev/documentation/webdriver/troubleshooting/errors/driver_location/\nBuild info: version: '4.29.0', revision: '5fc1ec94cb'\nSystem info: os.name: 'Windows 11', os.arch: 'amd64', os.version: '10.0', java.version: '23.0.2'\nDriver info: driver.version: ChromeDriver","trace":"org.openqa.selenium.remote.NoSuchDriverException: Unable to obtain: chromedriver, error chromedriver must exist: path\\to\\chromedriver\nFor documentation on this error, please visit: https://www.selenium.dev/documentation/webdriver/troubleshooting/errors/driver_location/\nBuild info: version: '4.29.0', revision: '5fc1ec94cb'\nSystem info: os.name: 'Windows 11', os.arch: 'amd64', os.version: '10.0', java.version: '23.0.2'\nDriver info: driver.version: ChromeDriver\r\n\tat org.openqa.selenium.remote.service.DriverFinder.getBinaryPaths(DriverFinder.java:121)\r\n\tat org.openqa.selenium.remote.service.DriverFinder.getDriverPath(DriverFinder.java:55)\r\n\tat org.openqa.selenium.chrome.ChromeDriver.generateExecutor(ChromeDriver.java:99)\r\n\tat org.openqa.selenium.chrome.ChromeDriver.<init>(ChromeDriver.java:88)\r\n\tat org.openqa.selenium.chrome.ChromeDriver.<init>(ChromeDriver.java:83)\r\n\tat org.openqa.selenium.chrome.ChromeDriver.<init>(ChromeDriver.java:51)\r\n\tat com.demo.java.StepDefinition.DemoSteps.user_launches_browser(DemoSteps.java:55)\r\n\tat ✽.User launches \"chrome\" browser(file:///C:/Users/tumel/Documents/demo/src/test/java/com/demo/resources/Feature/Demo.feature:5)\r\nCaused by: java.lang.IllegalStateException: chromedriver must exist: path\\to\\chromedriver\r\n\tat org.openqa.selenium.internal.Require$PathStateChecker.isExecutable(Require.java:475)\r\n\tat org.openqa.selenium.remote.service.DriverFinder.getBinaryPaths(DriverFinder.java:118)\r\n\t... 7 more\r\n"},"stage":"finished","steps":[{"name":"Given User launches \"chrome\" browser","status":"broken","statusDetails":{"known":false,"muted":false,"flaky":false,"message":"Unable to obtain: chromedriver, error chromedriver must exist: path\\to\\chromedriver\nFor documentation on this error, please visit: https://www.selenium.dev/documentation/webdriver/troubleshooting/errors/driver_location/\nBuild info: version: '4.29.0', revision: '5fc1ec94cb'\nSystem info: os.name: 'Windows 11', os.arch: 'amd64', os.version: '10.0', java.version: '23.0.2'\nDriver info: driver.version: ChromeDriver","trace":"org.openqa.selenium.remote.NoSuchDriverException: Unable to obtain: chromedriver, error chromedriver must exist: path\\to\\chromedriver\nFor documentation on this error, please visit: https://www.selenium.dev/documentation/webdriver/troubleshooting/errors/driver_location/\nBuild info: version: '4.29.0', revision: '5fc1ec94cb'\nSystem info: os.name: 'Windows 11', os.arch: 'amd64', os.version: '10.0', java.version: '23.0.2'\nDriver info: driver.version: ChromeDriver\r\n\tat org.openqa.selenium.remote.service.DriverFinder.getBinaryPaths(DriverFinder.java:121)\r\n\tat org.openqa.selenium.remote.service.DriverFinder.getDriverPath(DriverFinder.java:55)\r\n\tat org.openqa.selenium.chrome.ChromeDriver.generateExecutor(ChromeDriver.java:99)\r\n\tat org.openqa.selenium.chrome.ChromeDriver.<init>(ChromeDriver.java:88)\r\n\tat org.openqa.selenium.chrome.ChromeDriver.<init>(ChromeDriver.java:83)\r\n\tat org.openqa.selenium.chrome.ChromeDriver.<init>(ChromeDriver.java:51)\r\n\tat com.demo.java.StepDefinition.DemoSteps.user_launches_browser(DemoSteps.java:55)\r\n\tat ✽.User launches \"chrome\" browser(file:///C:/Users/tumel/Documents/demo/src/test/java/com/demo/resources/Feature/Demo.feature:5)\r\nCaused by: java.lang.IllegalStateException: chromedriver must exist: path\\to\\chromedriver\r\n\tat org.openqa.selenium.internal.Require$PathStateChecker.isExecutable(Require.java:475)\r\n\tat org.openqa.selenium.remote.service.DriverFinder.getBinaryPaths(DriverFinder.java:118)\r\n\t... 7 more\r\n"},"stage":"finished","steps":[],"attachments":[],"parameters":[],"start":1743088721720,"stop":1743088721736},{"name":"When User opens URL \"http://www.way2automation.com/angularjs-protractor/webtables/\"","status":"skipped","statusDetails":{"known":false,"muted":false,"flaky":false},"stage":"finished","steps":[],"attachments":[],"parameters":[],"start":1743088721752,"stop":1743088721752},{"name":"Then The page title should be \"Protractor practice website - WebTables\"","status":"skipped","statusDetails":{"known":false,"muted":false,"flaky":false},"stage":"finished","steps":[],"attachments":[],"parameters":[],"start":1743088721752,"stop":1743088721752},{"name":"And User clicks on the Add user button","status":"skipped","statusDetails":{"known":false,"muted":false,"flaky":false},"stage":"finished","steps":[],"attachments":[],"parameters":[],"start":1743088721752,"stop":1743088721752},{"name":"And User enters profile details:","status":"skipped","statusDetails":{"known":false,"muted":false,"flaky":false},"stage":"finished","steps":[],"attachments":[{"name":"Data table","source":"80827008-038e-4913-8b0a-cea0a61baff5-attachment.csv","type":"text/tab-separated-values"}],"parameters":[],"start":1743088721752,"stop":1743088721780},{"name":"And User selects \"Company BBB\" as company","status":"skipped","statusDetails":{"known":false,"muted":false,"flaky":false},"stage":"finished","steps":[],"attachments":[],"parameters":[],"start":1743088721780,"stop":1743088721783},{"name":"And User selects \"Admin\" as role","status":"skipped","statusDetails":{"known":false,"muted":false,"flaky":false},"stage":"finished","steps":[],"attachments":[],"parameters":[],"start":1743088721783,"stop":1743088721783},{"name":"When User clicks the \"Save\" button","status":"skipped","statusDetails":{"known":false,"muted":false,"flaky":false},"stage":"finished","steps":[],"attachments":[],"parameters":[],"start":1743088721783,"stop":1743088721783},{"name":"And Validate the data is saved","status":"skipped","statusDetails":{"known":false,"muted":false,"flaky":false},"stage":"finished","steps":[],"attachments":[],"parameters":[],"start":1743088721783,"stop":1743088721783},{"name":"And Close browser","status":"skipped","statusDetails":{"known":false,"muted":false,"flaky":false},"stage":"finished","steps":[],"attachments":[],"parameters":[],"start":1743088721795,"stop":1743088721795}],"attachments":[],"parameters":[{"name":"browser","value":"chrome"},{"name":"url","value":"http://www.way2automation.com/angularjs-protractor/webtables/"},{"name":"expected_title","value":"Protractor practice website - WebTables"},{"name":"first_name","value":"Jane"},{"name":"last_name","value":"Smith"},{"name":"username","value":"janesmith"},{"name":"password","value":"Secure1!"},{"name":"company","value":"Company BBB"},{"name":"role","value":"Admin"},{"name":"email","value":"jane.smith@test.com"},{"name":"phone","value":"9876543210"}],"start":1743088717071,"stop":1743088723529}